<?xml version="1.0" encoding="UTF-8"?>
<!-- Generated by org.testng.reporters.JUnitReportReporter -->
<testsuite hostname="DESKTOP-IU0PMJ8" failures="0" tests="3" name="testng.grouping" time="0.018" errors="0" timestamp="2022-07-17T16:45:09 IST" skipped="0">
  <testcase classname="testng.grouping" name="m2" time="0.013"/>
  <system-out>
    <![CDATA[Running test case 2]]>
  </system-out>
  <testcase classname="testng.grouping" name="m5" time="0.002"/>
  <system-out>
    <![CDATA[Running test case 5]]>
  </system-out>
  <testcase classname="testng.grouping" name="m6" time="0.003"/>
  <system-out>
    <![CDATA[Running test case 6]]>
  </system-out>
</testsuite> <!-- testng.grouping -->
