<?xml version="1.0" encoding="UTF-8"?>
<!-- Generated by org.testng.reporters.JUnitReportReporter -->
<testsuite hostname="DESKTOP-IU0PMJ8" failures="0" tests="3" name="testng.timeoutex1" time="0.027" errors="0" timestamp="2022-08-10T00:06:53 IST" skipped="0">
  <testcase classname="testng.timeoutex1" name="m1" time="0.015"/>
  <system-out>
    <![CDATA[Running test case 1]]>
  </system-out>
  <testcase classname="testng.timeoutex1" name="m3" time="0.004"/>
  <system-out>
    <![CDATA[Running test case 3]]>
  </system-out>
  <testcase classname="testng.timeoutex1" name="m2" time="0.008"/>
  <system-out>
    <![CDATA[Running test case 2]]>
  </system-out>
</testsuite> <!-- testng.timeoutex1 -->
