<?xml version="1.0" encoding="UTF-8"?>
<!-- Generated by org.testng.reporters.JUnitReportReporter -->
<testsuite hostname="DESKTOP-IU0PMJ8" failures="0" tests="3" name="testng.enabledex1" time="0.016" errors="0" timestamp="2022-07-17T18:18:52 IST" skipped="1">
  <testcase classname="testng.enabledex1" name="m2" time="0.002"/>
  <system-out>
    <![CDATA[Running test case 2]]>
  </system-out>
  <testcase classname="testng.enabledex1" name="m1" time="0.014"/>
  <system-out>
    <![CDATA[Running test case 1]]>
  </system-out>
  <testcase classname="testng.enabledex1" name="m3">
    <skipped/>
  </testcase> <!-- m3 -->
  <system-out/>
</testsuite> <!-- testng.enabledex1 -->
