<?xml version="1.0" encoding="UTF-8"?>
<!-- Generated by org.testng.reporters.JUnitReportReporter -->
<testsuite hostname="DESKTOP-IU0PMJ8" failures="0" tests="2" name="testng.emailable_report" time="59.771" errors="0" timestamp="2022-07-13T10:26:12 IST" skipped="0">
  <testcase classname="testng.emailable_report" name="amazon" time="16.931"/>
  <system-out>
    <![CDATA[Opening amazon application]]>
  </system-out>
  <testcase classname="testng.emailable_report" name="openapp" time="42.840"/>
  <system-out>
    <![CDATA[Opening flipkart application
Closed Browser]]>
  </system-out>
</testsuite> <!-- testng.emailable_report -->
