<?xml version="1.0" encoding="UTF-8"?>
<!-- Generated by org.testng.reporters.JUnitReportReporter -->
<testsuite hostname="DESKTOP-IU0PMJ8" failures="0" tests="2" name="testng.priorityex4" time="0.018" errors="0" timestamp="2022-07-14T23:00:59 IST" skipped="0">
  <testcase classname="testng.priorityex4" name="a1" time="0.015"/>
  <system-out>
    <![CDATA[Running test case 2]]>
  </system-out>
  <testcase classname="testng.priorityex4" name="c1" time="0.003"/>
  <system-out>
    <![CDATA[Running test case 1]]>
  </system-out>
</testsuite> <!-- testng.priorityex4 -->
