<?xml version="1.0" encoding="UTF-8"?>
<!-- Generated by org.testng.reporters.JUnitReportReporter -->
<testsuite hostname="DESKTOP-IU0PMJ8" failures="0" tests="2" name="testng.dependsonmethodsex1" time="0.017" errors="0" timestamp="2022-07-14T23:22:57 IST" skipped="0">
  <testcase classname="testng.dependsonmethodsex1" name="m2" time="0.014"/>
  <system-out>
    <![CDATA[Running test case 2]]>
  </system-out>
  <testcase classname="testng.dependsonmethodsex1" name="m1" time="0.003"/>
  <system-out>
    <![CDATA[Running test case 1]]>
  </system-out>
</testsuite> <!-- testng.dependsonmethodsex1 -->
