<?xml version="1.0" encoding="UTF-8"?>
<!-- Generated by org.testng.reporters.JUnitReportReporter -->
<testsuite hostname="DESKTOP-IU0PMJ8" failures="0" tests="1" name="testng.parelleltesting2" time="22.994" errors="0" timestamp="2022-07-17T17:22:24 IST" skipped="0">
  <testcase classname="testng.parelleltesting2" name="flipkart" time="22.994"/>
  <system-out/>
</testsuite> <!-- testng.parelleltesting2 -->
