<?xml version="1.0" encoding="UTF-8"?>
<!-- Generated by org.testng.reporters.JUnitReportReporter -->
<testsuite hostname="DESKTOP-IU0PMJ8" failures="0" tests="2" name="testng.TestNg_Anotation" time="0.019" errors="0" timestamp="2022-07-13T12:28:57 IST" skipped="0">
  <testcase classname="testng.TestNg_Anotation" name="testcase1" time="0.016"/>
  <system-out>
    <![CDATA[Test case 1 executing for user verification]]>
  </system-out>
  <testcase classname="testng.TestNg_Anotation" name="testcase2" time="0.003"/>
  <system-out>
    <![CDATA[Test case 2 executing for grosaries]]>
  </system-out>
</testsuite> <!-- testng.TestNg_Anotation -->
