<?xml version="1.0" encoding="UTF-8"?>
<!-- Generated by org.testng.reporters.JUnitReportReporter -->
<testsuite hostname="DESKTOP-IU0PMJ8" failures="0" tests="3" name="testng.priorityex1" time="0.019" errors="0" timestamp="2022-08-23T02:41:02 IST" skipped="0">
  <testcase classname="testng.priorityex1" name="m2" time="0.015"/>
  <system-out>
    <![CDATA[Running test case 2]]>
  </system-out>
  <testcase classname="testng.priorityex1" name="m3" time="0.002"/>
  <system-out>
    <![CDATA[Running test case 3]]>
  </system-out>
  <testcase classname="testng.priorityex1" name="m1" time="0.002"/>
  <system-out>
    <![CDATA[Running test case 1]]>
  </system-out>
</testsuite> <!-- testng.priorityex1 -->
