<?xml version="1.0" encoding="UTF-8"?>
<!-- Generated by org.testng.reporters.JUnitReportReporter -->
<testsuite hostname="DESKTOP-IU0PMJ8" failures="0" tests="1" name="testng.softassert" time="0.014" errors="0" timestamp="2022-07-18T22:48:50 IST" skipped="0">
  <testcase classname="testng.softassert" name="m1" time="0.014"/>
  <system-out/>
</testsuite> <!-- testng.softassert -->
