<?xml version="1.0" encoding="UTF-8"?>
<!-- Generated by org.testng.reporters.JUnitReportReporter -->
<testsuite hostname="DESKTOP-IU0PMJ8" failures="0" tests="3" name="testng.priorityex2" time="0.027" errors="0" timestamp="2022-07-14T22:55:50 IST" skipped="0">
  <testcase classname="testng.priorityex2" name="m1" time="0.021"/>
  <system-out>
    <![CDATA[Running test case 1]]>
  </system-out>
  <testcase classname="testng.priorityex2" name="m2" time="0.002"/>
  <system-out>
    <![CDATA[Running test case 2]]>
  </system-out>
  <testcase classname="testng.priorityex2" name="m3" time="0.004"/>
  <system-out>
    <![CDATA[Running test case 3]]>
  </system-out>
</testsuite> <!-- testng.priorityex2 -->
