<?xml version="1.0" encoding="UTF-8"?>
<!-- Generated by org.testng.reporters.JUnitReportReporter -->
<testsuite hostname="DESKTOP-IU0PMJ8" failures="0" tests="2" name="testng.invocationcountex1" time="0.018" errors="0" timestamp="2022-08-10T00:01:29 IST" skipped="0">
  <testcase classname="testng.invocationcountex1" name="c1" time="0.015"/>
  <system-out>
    <![CDATA[Running test case 1]]>
  </system-out>
  <testcase classname="testng.invocationcountex1" name="c1" time="0.003"/>
  <system-out>
    <![CDATA[Running test case 1]]>
  </system-out>
</testsuite> <!-- testng.invocationcountex1 -->
