<?xml version="1.0" encoding="UTF-8"?>
<!-- Generated by org.testng.reporters.JUnitReportReporter -->
<testsuite hostname="DESKTOP-IU0PMJ8" failures="0" tests="2" name="testng.parelleltesting" time="29.366" errors="0" timestamp="2022-07-17T17:22:24 IST" skipped="0">
  <testcase classname="testng.parelleltesting" name="facebook" time="10.919"/>
  <system-out/>
  <testcase classname="testng.parelleltesting" name="flipkart" time="18.447"/>
  <system-out/>
</testsuite> <!-- testng.parelleltesting -->
