<?xml version="1.0" encoding="UTF-8"?>
<!-- Generated by org.testng.reporters.JUnitReportReporter -->
<testsuite hostname="DESKTOP-IU0PMJ8" failures="0" tests="2" name="testng.TestNG_demo" time="67.627" errors="0" timestamp="2022-07-13T10:11:08 IST" skipped="0">
  <testcase classname="testng.TestNG_demo" name="amazon" time="15.211"/>
  <system-out/>
  <testcase classname="testng.TestNG_demo" name="openapp" time="52.416"/>
  <system-out/>
</testsuite> <!-- testng.TestNG_demo -->
